<?xml version="1.0" encoding="utf-8"?><testsuites><testsuite name="pytest" errors="0" failures="0" skipped="0" tests="11" time="1.390" timestamp="2021-04-07T12:03:14.982018" hostname="LAPTOP-05DAQOVR"><testcase classname="src.tests.functional.test_ping" name="test_ping" file="src\tests\functional\test_ping.py" line="3" time="0.167" /><testcase classname="src.tests.functional.test_recommendations_api" name="test_receive_recommendations_valid_input" file="src\tests\functional\test_recommendations_api.py" line="6" time="0.069" /><testcase classname="src.tests.functional.test_recommendations_api" name="test_receive_recommendations_invalid_input" file="src\tests\functional\test_recommendations_api.py" line="41" time="0.002" /><testcase classname="src.tests.functional.test_recommendations_api" name="test_receive_recommendations_invalid_json_keys" file="src\tests\functional\test_recommendations_api.py" line="58" time="0.002" /><testcase classname="src.tests.functional.test_recommendations_api" name="test_receive_recommendations_invalid_input_type" file="src\tests\functional\test_recommendations_api.py" line="90" time="0.002" /><testcase classname="src.tests.functional.test_recommendations_api" name="test_receive_recommendations_too_few_input" file="src\tests\functional\test_recommendations_api.py" line="122" time="0.003" /><testcase classname="src.tests.functional.test_recommendations_api" name="test_recommendations_rating_out_of_bound_upper" file="src\tests\functional\test_recommendations_api.py" line="157" time="0.003" /><testcase classname="src.tests.functional.test_recommendations_api" name="test_recommendations_rating_out_of_bound_lower" file="src\tests\functional\test_recommendations_api.py" line="192" time="0.003" /><testcase classname="src.tests.unit.test_recommendations" name="test_init_movie_recommender" file="src\tests\unit\test_recommendations.py" line="5" time="0.002" /><testcase classname="src.tests.unit.test_recommendations" name="test_receive_50_movie_recommendations" file="src\tests\unit\test_recommendations.py" line="14" time="0.061" /><testcase classname="src.tests.unit.test_recommendations" name="test_receive_50_movie_recommendations_with_2_users" file="src\tests\unit\test_recommendations.py" line="40" time="0.060" /></testsuite></testsuites>